# JRE version: Java(TM) SE Runtime Environment (8.0_111-b14) (build 1.8.0_111-b14)
# Java VM: Java HotSpot(TM) 64-Bit Server VM (25.111-b14 mixed mode windows-amd64 compressed oops)
Heap:
 PSYoungGen      total 45568K, used 7895K [0x0000000780300000, 0x0000000783900000, 0x00000007c0000000)
  eden space 37888K, 18% used [0x0000000780300000,0x00000007809ad850,0x0000000782800000)
  from space 7680K, 13% used [0x0000000783180000,0x00000007832886b8,0x0000000783900000)
  to   space 8704K, 0% used [0x0000000782800000,0x0000000782800000,0x0000000783080000)
 ParOldGen       total 131072K, used 6784K [0x0000000700800000, 0x0000000708800000, 0x0000000780300000)
  object space 131072K, 5% used [0x0000000700800000,0x0000000700ea0140,0x0000000708800000)
 Metaspace       used 17993K, capacity 18392K, committed 18688K, reserved 1064960K
  class space    used 2335K, capacity 2488K, committed 2560K, reserved 1048576K
GC Heap History (10 events):
Event: 443.165 GC heap before
{Heap before GC invocations=16 (full 0):
 PSYoungGen      total 41984K, used 41706K [0x0000000780300000, 0x0000000783f80000, 0x00000007c0000000)
  eden space 40448K, 100% used [0x0000000780300000,0x0000000782a80000,0x0000000782a80000)
  from space 1536K, 81% used [0x0000000782b00000,0x0000000782c3a918,0x0000000782c80000)
  to   space 10752K, 0% used [0x0000000783500000,0x0000000783500000,0x0000000783f80000)
 ParOldGen       total 131072K, used 6648K [0x0000000700800000, 0x0000000708800000, 0x0000000780300000)
  object space 131072K, 5% used [0x0000000700800000,0x0000000700e7e140,0x0000000708800000)
 Metaspace       used 17969K, capacity 18392K, committed 18688K, reserved 1064960K
  class space    used 2335K, capacity 2488K, committed 2560K, reserved 1048576K
Event: 443.166 GC heap after
Heap after GC invocations=16 (full 0):
 PSYoungGen      total 49152K, used 879K [0x0000000780300000, 0x0000000783e00000, 0x00000007c0000000)
  eden space 39936K, 0% used [0x0000000780300000,0x0000000780300000,0x0000000782a00000)
  from space 9216K, 9% used [0x0000000783500000,0x00000007835dbe30,0x0000000783e00000)
  to   space 10240K, 0% used [0x0000000782a00000,0x0000000782a00000,0x0000000783400000)
 ParOldGen       total 131072K, used 6672K [0x0000000700800000, 0x0000000708800000, 0x0000000780300000)
  object space 131072K, 5% used [0x0000000700800000,0x0000000700e84140,0x0000000708800000)
 Metaspace       used 17969K, capacity 18392K, committed 18688K, reserved 1064960K
  class space    used 2335K, capacity 2488K, committed 2560K, reserved 1048576K
}
Event: 465.882 GC heap before
{Heap before GC invocations=17 (full 0):
 PSYoungGen      total 49152K, used 40815K [0x0000000780300000, 0x0000000783e00000, 0x00000007c0000000)
  eden space 39936K, 100% used [0x0000000780300000,0x0000000782a00000,0x0000000782a00000)
  from space 9216K, 9% used [0x0000000783500000,0x00000007835dbe30,0x0000000783e00000)
  to   space 10240K, 0% used [0x0000000782a00000,0x0000000782a00000,0x0000000783400000)
 ParOldGen       total 131072K, used 6672K [0x0000000700800000, 0x0000000708800000, 0x0000000780300000)
  object space 131072K, 5% used [0x0000000700800000,0x0000000700e84140,0x0000000708800000)
 Metaspace       used 17978K, capacity 18392K, committed 18688K, reserved 1064960K
  class space    used 2335K, capacity 2488K, committed 2560K, reserved 1048576K
Event: 465.883 GC heap after
Heap after GC invocations=17 (full 0):
 PSYoungGen      total 40960K, used 1094K [0x0000000780300000, 0x0000000783c80000, 0x00000007c0000000)
  eden space 39424K, 0% used [0x0000000780300000,0x0000000780300000,0x0000000782980000)
  from space 1536K, 71% used [0x0000000782a00000,0x0000000782b11a00,0x0000000782b80000)
  to   space 9728K, 0% used [0x0000000783300000,0x0000000783300000,0x0000000783c80000)
 ParOldGen       total 131072K, used 6704K [0x0000000700800000, 0x0000000708800000, 0x0000000780300000)
  object space 131072K, 5% used [0x0000000700800000,0x0000000700e8c140,0x0000000708800000)
 Metaspace       used 17978K, capacity 18392K, committed 18688K, reserved 1064960K
  class space    used 2335K, capacity 2488K, committed 2560K, reserved 1048576K
}
Event: 489.984 GC heap before
{Heap before GC invocations=18 (full 0):
 PSYoungGen      total 40960K, used 40512K [0x0000000780300000, 0x0000000783c80000, 0x00000007c0000000)
  eden space 39424K, 99% used [0x0000000780300000,0x000000078297e870,0x0000000782980000)
  from space 1536K, 71% used [0x0000000782a00000,0x0000000782b11a00,0x0000000782b80000)
  to   space 9728K, 0% used [0x0000000783300000,0x0000000783300000,0x0000000783c80000)
 ParOldGen       total 131072K, used 6704K [0x0000000700800000, 0x0000000708800000, 0x0000000780300000)
  object space 131072K, 5% used [0x0000000700800000,0x0000000700e8c140,0x0000000708800000)
 Metaspace       used 17991K, capacity 18392K, committed 18688K, reserved 1064960K
  class space    used 2335K, capacity 2488K, committed 2560K, reserved 1048576K
Event: 489.984 GC heap after
Heap after GC invocations=18 (full 0):
 PSYoungGen      total 48128K, used 1102K [0x0000000780300000, 0x0000000783c00000, 0x00000007c0000000)
  eden space 38912K, 0% used [0x0000000780300000,0x0000000780300000,0x0000000782900000)
  from space 9216K, 11% used [0x0000000783300000,0x0000000783413908,0x0000000783c00000)
  to   space 9728K, 0% used [0x0000000782900000,0x0000000782900000,0x0000000783280000)
 ParOldGen       total 131072K, used 6736K [0x0000000700800000, 0x0000000708800000, 0x0000000780300000)
  object space 131072K, 5% used [0x0000000700800000,0x0000000700e94140,0x0000000708800000)
 Metaspace       used 17991K, capacity 18392K, committed 18688K, reserved 1064960K
  class space    used 2335K, capacity 2488K, committed 2560K, reserved 1048576K
}
Event: 513.576 GC heap before
{Heap before GC invocations=19 (full 0):
 PSYoungGen      total 48128K, used 40014K [0x0000000780300000, 0x0000000783c00000, 0x00000007c0000000)
  eden space 38912K, 100% used [0x0000000780300000,0x0000000782900000,0x0000000782900000)
  from space 9216K, 11% used [0x0000000783300000,0x0000000783413908,0x0000000783c00000)
  to   space 9728K, 0% used [0x0000000782900000,0x0000000782900000,0x0000000783280000)
 ParOldGen       total 131072K, used 6736K [0x0000000700800000, 0x0000000708800000, 0x0000000780300000)
  object space 131072K, 5% used [0x0000000700800000,0x0000000700e94140,0x0000000708800000)
 Metaspace       used 17993K, capacity 18392K, committed 18688K, reserved 1064960K
  class space    used 2335K, capacity 2488K, committed 2560K, reserved 1048576K
Event: 513.577 GC heap after
Heap after GC invocations=19 (full 0):
 PSYoungGen      total 39936K, used 1046K [0x0000000780300000, 0x0000000783a80000, 0x00000007c0000000)
  eden space 38400K, 0% used [0x0000000780300000,0x0000000780300000,0x0000000782880000)
  from space 1536K, 68% used [0x0000000782900000,0x0000000782a05ab8,0x0000000782a80000)
  to   space 9216K, 0% used [0x0000000783180000,0x0000000783180000,0x0000000783a80000)
 ParOldGen       total 131072K, used 6752K [0x0000000700800000, 0x0000000708800000, 0x0000000780300000)
  object space 131072K, 5% used [0x0000000700800000,0x0000000700e98140,0x0000000708800000)
 Metaspace       used 17993K, capacity 18392K, committed 18688K, reserved 1064960K
  class space    used 2335K, capacity 2488K, committed 2560K, reserved 1048576K
}
Event: 536.216 GC heap before
{Heap before GC invocations=20 (full 0):
 PSYoungGen      total 39936K, used 39446K [0x0000000780300000, 0x0000000783a80000, 0x00000007c0000000)
  eden space 38400K, 100% used [0x0000000780300000,0x0000000782880000,0x0000000782880000)
  from space 1536K, 68% used [0x0000000782900000,0x0000000782a05ab8,0x0000000782a80000)
  to   space 9216K, 0% used [0x0000000783180000,0x0000000783180000,0x0000000783a80000)
 ParOldGen       total 131072K, used 6752K [0x0000000700800000, 0x0000000708800000, 0x0000000780300000)
  object space 131072K, 5% used [0x0000000700800000,0x0000000700e98140,0x0000000708800000)
 Metaspace       used 17993K, capacity 18392K, committed 18688K, reserved 1064960K
  class space    used 2335K, capacity 2488K, committed 2560K, reserved 1048576K
Event: 536.217 GC heap after
Heap after GC invocations=20 (full 0):
 PSYoungGen      total 45568K, used 1057K [0x0000000780300000, 0x0000000783900000, 0x00000007c0000000)
  eden space 37888K, 0% used [0x0000000780300000,0x0000000780300000,0x0000000782800000)
  from space 7680K, 13% used [0x0000000783180000,0x00000007832886b8,0x0000000783900000)
  to   space 8704K, 0% used [0x0000000782800000,0x0000000782800000,0x0000000783080000)
 ParOldGen       total 131072K, used 6784K [0x0000000700800000, 0x0000000708800000, 0x0000000780300000)
  object space 131072K, 5% used [0x0000000700800000,0x0000000700ea0140,0x0000000708800000)
 Metaspace       used 17993K, capacity 18392K, committed 18688K, reserved 1064960K
  class space    used 2335K, capacity 2488K, committed 2560K, reserved 1048576K
}

